2020-05-12 19:31:45,719 (MainThread) INFO - Starting rss deep crawler...
2020-05-12 19:31:45,719 (ThreadPoolExecutor-0_0) INFO - INDEXING: https://www1.cbn.com/app_feeds/rss/news/rss.php?section=world
2020-05-12 19:31:45,720 (ThreadPoolExecutor-0_1) INFO - INDEXING: http://feeds.bbci.co.uk/news/world/rss.xml
2020-05-12 19:31:45,721 (ThreadPoolExecutor-0_2) INFO - INDEXING: http://feeds.bbci.co.uk/news/technology/rss.xml
2020-05-12 19:31:45,722 (ThreadPoolExecutor-0_3) INFO - INDEXING: http://feeds.bbci.co.uk/news/business/rss.xml
2020-05-12 19:31:45,941 (ThreadPoolExecutor-0_0) INFO - {'url': 'https://www1.cbn.com/app_feeds/rss/news/rss.php?section=world', 'count': 20, 'response': 'INDEXID=178'}
2020-05-12 19:31:45,941 (ThreadPoolExecutor-0_0) INFO - INDEXING: http://feeds.reuters.com/Reuters/worldNews
2020-05-12 19:31:46,076 (ThreadPoolExecutor-0_2) INFO - {'url': 'http://feeds.bbci.co.uk/news/technology/rss.xml', 'count': 23, 'response': 'INDEXID=179'}
2020-05-12 19:31:46,076 (ThreadPoolExecutor-0_2) INFO - INDEXING: https://www.dailytelegraph.com.au/news/breaking-news/rss
2020-05-12 19:31:46,077 (ThreadPoolExecutor-0_1) INFO - {'url': 'http://feeds.bbci.co.uk/news/world/rss.xml', 'count': 27, 'response': 'INDEXID=180'}
2020-05-12 19:31:46,078 (ThreadPoolExecutor-0_1) INFO - INDEXING: https://www.dailytelegraph.com.au/news/world/rss
2020-05-12 19:31:46,080 (ThreadPoolExecutor-0_3) INFO - {'url': 'http://feeds.bbci.co.uk/news/business/rss.xml', 'count': 26, 'response': 'INDEXID=181'}
2020-05-12 19:31:46,080 (ThreadPoolExecutor-0_3) INFO - INDEXING: https://www.dailytelegraph.com.au/business/rss
2020-05-12 19:31:46,136 (ThreadPoolExecutor-0_0) INFO - {'url': 'http://feeds.reuters.com/Reuters/worldNews', 'count': 20, 'response': 'INDEXID=182'}
2020-05-12 19:31:46,137 (ThreadPoolExecutor-0_0) INFO - INDEXING: https://www.dailytelegraph.com.au/business/breaking-news/rss
2020-05-12 19:31:46,517 (ThreadPoolExecutor-0_1) INFO - {'url': 'https://www.dailytelegraph.com.au/news/world/rss', 'count': 10, 'response': 'INDEXID=183'}
2020-05-12 19:31:46,517 (ThreadPoolExecutor-0_1) INFO - INDEXING: https://thewest.com.au/news/world/rss
2020-05-12 19:31:46,519 (ThreadPoolExecutor-0_3) INFO - {'url': 'https://www.dailytelegraph.com.au/business/rss', 'count': 10, 'response': 'INDEXID=184'}
2020-05-12 19:31:46,519 (ThreadPoolExecutor-0_3) INFO - INDEXING: https://thewest.com.au/politics/rss
2020-05-12 19:31:46,652 (ThreadPoolExecutor-0_2) INFO - {'url': 'https://www.dailytelegraph.com.au/news/breaking-news/rss', 'count': 10, 'response': 'INDEXID=185'}
2020-05-12 19:31:46,653 (ThreadPoolExecutor-0_2) INFO - INDEXING: https://thewest.com.au/business/rss
2020-05-12 19:31:46,661 (ThreadPoolExecutor-0_0) INFO - {'url': 'https://www.dailytelegraph.com.au/business/breaking-news/rss', 'count': 10, 'response': 'INDEXID=186'}
2020-05-12 19:31:46,662 (ThreadPoolExecutor-0_0) INFO - INDEXING: https://news.yahoo.com/rss/
2020-05-12 19:31:47,174 (ThreadPoolExecutor-0_3) INFO - {'url': 'https://thewest.com.au/politics/rss', 'count': 100, 'response': 'INDEXID=187'}
2020-05-12 19:31:47,179 (ThreadPoolExecutor-0_3) INFO - INDEXING: https://feeds.a.dj.com/rss/RSSWorldNews.xml
2020-05-12 19:31:47,215 (ThreadPoolExecutor-0_2) INFO - {'url': 'https://thewest.com.au/business/rss', 'count': 100, 'response': 'INDEXID=188'}
2020-05-12 19:31:47,215 (ThreadPoolExecutor-0_2) INFO - INDEXING: https://feeds.a.dj.com/rss/RSSMarketsMain.xml
2020-05-12 19:31:47,216 (ThreadPoolExecutor-0_1) INFO - {'url': 'https://thewest.com.au/news/world/rss', 'count': 100, 'response': 'INDEXID=189'}
2020-05-12 19:31:47,218 (ThreadPoolExecutor-0_1) INFO - INDEXING: https://feeds.a.dj.com/rss/WSJcomUSBusiness.xml
2020-05-12 19:31:47,915 (ThreadPoolExecutor-0_1) INFO - {'url': 'https://feeds.a.dj.com/rss/WSJcomUSBusiness.xml', 'count': 18, 'response': 'INDEXID=190'}
2020-05-12 19:31:47,915 (ThreadPoolExecutor-0_1) INFO - INDEXING: https://feeds.a.dj.com/rss/RSSWSJD.xml
2020-05-12 19:31:47,952 (ThreadPoolExecutor-0_2) INFO - {'url': 'https://feeds.a.dj.com/rss/RSSMarketsMain.xml', 'count': 20, 'response': 'INDEXID=191'}
2020-05-12 19:31:48,036 (ThreadPoolExecutor-0_3) INFO - {'url': 'https://feeds.a.dj.com/rss/RSSWorldNews.xml', 'count': 6, 'response': 'INDEXID=192'}
2020-05-12 19:31:48,082 (ThreadPoolExecutor-0_0) INFO - {'url': 'https://news.yahoo.com/rss/', 'count': 50, 'response': 'INDEXID=193'}
2020-05-12 19:31:48,661 (ThreadPoolExecutor-0_1) INFO - {'url': 'https://feeds.a.dj.com/rss/RSSWSJD.xml', 'count': 27, 'response': 'INDEXID=194'}
2020-05-12 19:31:48,661 (MainThread) INFO - Finished!
